<?xml version="1.0" encoding="UTF-8"?>
<testsuite xmlns:xsi="http://www.w3.org/2001/XMLSchema-instance" xsi:schemaLocation="https://maven.apache.org/surefire/maven-surefire-plugin/xsd/surefire-test-report.xsd" name="MULE.4.4.0.validateConnection" time="60.534" failures="0" errors="1" skipped="0" tests="3">
  <properties>
    <property key="java.runtime.name" value="Java(TM) SE Runtime Environment"/>
    <property key="sun.boot.library.path" value="/Library/Java/JavaVirtualMachines/jdk1.8.0_301.jdk/Contents/Home/jre/lib"/>
    <property key="java.vm.version" value="25.301-b09"/>
    <property key="gopherProxySet" value="false"/>
    <property key="maven.multiModuleProjectDirectory" value="/Users/corradre/Desktop/NewClone/Slack-Connector"/>
    <property key="java.vm.vendor" value="Oracle Corporation"/>
    <property key="java.vendor.url" value="http://java.oracle.com/"/>
    <property key="guice.disable.misplaced.annotation.check" value="true"/>
    <property key="path.separator" value=":"/>
    <property key="java.vm.name" value="Java HotSpot(TM) 64-Bit Server VM"/>
    <property key="file.encoding.pkg" value="sun.io"/>
    <property key="user.country" value="AR"/>
    <property key="sun.java.launcher" value="SUN_STANDARD"/>
    <property key="sun.os.patch.level" value="unknown"/>
    <property key="java.vm.specification.name" value="Java Virtual Machine Specification"/>
    <property key="user.dir" value="/Users/corradre/Desktop/NewClone/Slack-Connector"/>
    <property key="java.runtime.version" value="1.8.0_301-b09"/>
    <property key="java.awt.graphicsenv" value="sun.awt.CGraphicsEnvironment"/>
    <property key="java.endorsed.dirs" value="/Library/Java/JavaVirtualMachines/jdk1.8.0_301.jdk/Contents/Home/jre/lib/endorsed"/>
    <property key="os.arch" value="x86_64"/>
    <property key="java.io.tmpdir" value="/var/folders/f9/jsnc6c396dj5ysf9h81f69mw0000gq/T/"/>
    <property key="line.separator" value="&#xa;"/>
    <property key="java.vm.specification.vendor" value="Oracle Corporation"/>
    <property key="os.name" value="Mac OS X"/>
    <property key="classworlds.conf" value="/usr/local/Cellar/maven/3.8.5/libexec/bin/m2.conf"/>
    <property key="sun.jnu.encoding" value="UTF-8"/>
    <property key="java.library.path" value="/Users/corradre/Library/Java/Extensions:/Library/Java/Extensions:/Network/Library/Java/Extensions:/System/Library/Java/Extensions:/usr/lib/java:."/>
    <property key="maven.conf" value="/usr/local/Cellar/maven/3.8.5/libexec/conf"/>
    <property key="java.specification.name" value="Java Platform API Specification"/>
    <property key="java.class.version" value="52.0"/>
    <property key="java.net.preferIPv4Stack" value="true"/>
    <property key="munit.debug" value="true"/>
    <property key="sun.management.compiler" value="HotSpot 64-Bit Tiered Compilers"/>
    <property key="os.version" value="10.16"/>
    <property key="library.jansi.path" value="/usr/local/Cellar/maven/3.8.5/libexec/lib/jansi-native"/>
    <property key="user.home" value="/Users/corradre"/>
    <property key="user.timezone" value="America/Argentina/Buenos_Aires"/>
    <property key="java.awt.printerjob" value="sun.lwawt.macosx.CPrinterJob"/>
    <property key="file.encoding" value="UTF-8"/>
    <property key="java.specification.version" value="1.8"/>
    <property key="java.class.path" value="/usr/local/Cellar/maven/3.8.5/libexec/boot/plexus-classworlds-2.6.0.jar"/>
    <property key="user.name" value="corradre"/>
    <property key="mule.forceExtensionValidation" value="false"/>
    <property key="exportedPackagesValidator.skip" value="false"/>
    <property key="java.vm.specification.version" value="1.8"/>
    <property key="sun.java.command" value="org.codehaus.plexus.classworlds.launcher.Launcher clean verify -Dmunit.debug"/>
    <property key="java.home" value="/Library/Java/JavaVirtualMachines/jdk1.8.0_301.jdk/Contents/Home/jre"/>
    <property key="sun.arch.data.model" value="64"/>
    <property key="user.language" value="en"/>
    <property key="java.specification.vendor" value="Oracle Corporation"/>
    <property key="awt.toolkit" value="sun.lwawt.macosx.LWCToolkit"/>
    <property key="java.vm.info" value="mixed mode"/>
    <property key="java.version" value="1.8.0_301"/>
    <property key="java.ext.dirs" value="/Users/corradre/Library/Java/Extensions:/Library/Java/JavaVirtualMachines/jdk1.8.0_301.jdk/Contents/Home/jre/lib/ext:/Library/Java/Extensions:/Network/Library/Java/Extensions:/System/Library/Java/Extensions:/usr/lib/java"/>
    <property key="sun.boot.class.path" value="/Library/Java/JavaVirtualMachines/jdk1.8.0_301.jdk/Contents/Home/jre/lib/resources.jar:/Library/Java/JavaVirtualMachines/jdk1.8.0_301.jdk/Contents/Home/jre/lib/rt.jar:/Library/Java/JavaVirtualMachines/jdk1.8.0_301.jdk/Contents/Home/jre/lib/sunrsasign.jar:/Library/Java/JavaVirtualMachines/jdk1.8.0_301.jdk/Contents/Home/jre/lib/jsse.jar:/Library/Java/JavaVirtualMachines/jdk1.8.0_301.jdk/Contents/Home/jre/lib/jce.jar:/Library/Java/JavaVirtualMachines/jdk1.8.0_301.jdk/Contents/Home/jre/lib/charsets.jar:/Library/Java/JavaVirtualMachines/jdk1.8.0_301.jdk/Contents/Home/jre/lib/jfr.jar:/Library/Java/JavaVirtualMachines/jdk1.8.0_301.jdk/Contents/Home/jre/classes"/>
    <property key="java.vendor" value="Oracle Corporation"/>
    <property key="maven.home" value="/usr/local/Cellar/maven/3.8.5/libexec"/>
    <property key="file.separator" value="/"/>
    <property key="exportedPackagesValidator.strictValidation" value="false"/>
    <property key="java.vendor.url.bug" value="http://bugreport.sun.com/bugreport/"/>
    <property key="sun.io.unicode.encoding" value="UnicodeBig"/>
    <property key="sun.cpu.endian" value="little"/>
    <property key="sun.cpu.isalist" value=""/>
    <property key="munit.system.properties.file" value="/Users/corradre/Desktop/NewClone/Slack-Connector/target/user.system.properties"/>
    <property key="org.glassfish.grizzly.DEFAULT_MEMORY_MANAGER" value="org.glassfish.grizzly.memory.HeapMemoryManager"/>
  </properties>
  <testcase time="5.597" name="valid-paginated-json-response" classname="MULE.4.4.0.validateConnection">
    <error>org.mule.munit.runner.model.TestExecutionException: Error [BASIC:BAD_CREDENTIALS] while running test &apos;valid-paginated-json-response&apos;:null
	at org.mule.munit.runner.flow.TestFlow.run(TestFlow.java:320)
	at org.mule.munit.runner.model.Test.run(Test.java:94)
	at org.mule.munit.runner.model.Suite.run(Suite.java:112)
	at org.mule.munit.runner.SuiteRunner.doRun(SuiteRunner.java:61)
	at org.mule.munit.runner.SuiteRunner.run(SuiteRunner.java:46)
	at org.mule.munit.runner.remote.api.server.RunMessageHandler.runSuite(RunMessageHandler.java:99)
	at org.mule.munit.runner.remote.api.server.RunMessageHandler.parseAndRun(RunMessageHandler.java:82)
	at org.mule.munit.runner.remote.api.server.RunMessageHandler.handle(RunMessageHandler.java:75)
	at org.mule.munit.runner.remote.api.server.RunnerServer.handleClientMessage(RunnerServer.java:145)
	at org.mule.munit.runner.remote.api.server.RunnerServer.run(RunnerServer.java:91)
	at java.util.concurrent.Executors$RunnableAdapter.call(Executors.java:511)
	at java.util.concurrent.FutureTask.run(FutureTask.java:266)
	at org.mule.service.scheduler.internal.AbstractRunnableFutureDecorator.doRun(AbstractRunnableFutureDecorator.java:113)
	at org.mule.service.scheduler.internal.RunnableFutureDecorator.run(RunnableFutureDecorator.java:54)
	at java.util.concurrent.ThreadPoolExecutor.runWorker(ThreadPoolExecutor.java:1149)
	at java.util.concurrent.ThreadPoolExecutor$Worker.run(ThreadPoolExecutor.java:624)
	at java.lang.Thread.run(Thread.java:748)
Caused by: java.util.concurrent.ExecutionException: org.mule.runtime.api.component.execution.ComponentExecutionException: java.lang.IllegalStateException
	at java.util.concurrent.CompletableFuture.reportGet(CompletableFuture.java:357)
	at java.util.concurrent.CompletableFuture.get(CompletableFuture.java:1908)
	at org.mule.munit.runner.flow.TestFlow$ExceptionAwareCallable.call(TestFlow.java:384)
	at org.mule.munit.runner.flow.TestFlow$ExceptionAwareCallable.call(TestFlow.java:373)
	... 6 more
Caused by: org.mule.runtime.api.component.execution.ComponentExecutionException: java.lang.IllegalStateException
Caused by: java.lang.IllegalStateException
	at org.mule.extension.internal.BasicOperations.getChannels(BasicOperations.java:42)
	at org.mule.extension.internal.BasicOperations$getChannels$MethodComponentExecutor.execute(Unknown Source)
	at org.mule.runtime.module.extension.internal.runtime.execution.GeneratedMethodComponentExecutor.execute(GeneratedMethodComponentExecutor.java:98)
	at org.mule.runtime.module.extension.internal.runtime.execution.CompletableMethodOperationExecutor.doExecute(CompletableMethodOperationExecutor.java:29)
	at org.mule.runtime.module.extension.internal.runtime.execution.AbstractCompletableMethodOperationExecutor.execute(AbstractCompletableMethodOperationExecutor.java:63)
	at org.mule.runtime.module.extension.internal.runtime.operation.DefaultExecutionMediator.executeCommand(DefaultExecutionMediator.java:229)
	at org.mule.runtime.module.extension.internal.runtime.operation.DefaultExecutionMediator.executeWithInterceptors(DefaultExecutionMediator.java:213)
	at org.mule.runtime.module.extension.internal.runtime.operation.DefaultExecutionMediator.lambda$execute$1(DefaultExecutionMediator.java:132)
	at org.mule.runtime.module.extension.internal.runtime.operation.DefaultExecutionMediator.lambda$new$0(DefaultExecutionMediator.java:65)
	at org.mule.runtime.module.extension.internal.runtime.operation.DefaultExecutionMediator.withExecutionTemplate(DefaultExecutionMediator.java:298)
	at org.mule.runtime.module.extension.internal.runtime.operation.DefaultExecutionMediator.execute(DefaultExecutionMediator.java:131)
	at org.mule.runtime.module.extension.internal.runtime.operation.ComponentMessageProcessor.executeOperation(ComponentMessageProcessor.java:576)
	at org.mule.runtime.module.extension.internal.runtime.operation.ComponentMessageProcessor.prepareAndExecuteOperation(ComponentMessageProcessor.java:799)
	at org.mule.runtime.module.extension.internal.runtime.operation.ComponentMessageProcessor.lambda$onEventSynchronous$16(ComponentMessageProcessor.java:478)
	at org.mule.runtime.module.extension.internal.runtime.operation.ComponentMessageProcessor.onEventSynchronous(ComponentMessageProcessor.java:485)
	at org.mule.runtime.module.extension.internal.runtime.operation.ComponentMessageProcessor.lambda$null$6(ComponentMessageProcessor.java:393)
	at reactor.core.publisher.FluxPeekFuseable$PeekFuseableConditionalSubscriber.onNext(FluxPeekFuseable.java:482)
	at reactor.core.publisher.FluxMapFuseable$MapFuseableConditionalSubscriber.onNext(FluxMapFuseable.java:287)
	at reactor.core.publisher.FluxPeekFuseable$PeekFuseableConditionalSubscriber.onNext(FluxPeekFuseable.java:496)
	at org.mule.runtime.core.privileged.processor.chain.AbstractMessageProcessorChain$2.onNext(AbstractMessageProcessorChain.java:417)
	at org.mule.runtime.core.privileged.processor.chain.AbstractMessageProcessorChain$2.onNext(AbstractMessageProcessorChain.java:412)
	at reactor.core.publisher.FluxHide$SuppressFuseableSubscriber.onNext(FluxHide.java:127)
	at reactor.core.publisher.FluxPeekFuseable$PeekFuseableSubscriber.onNext(FluxPeekFuseable.java:204)
	at reactor.core.publisher.FluxOnAssembly$OnAssemblySubscriber.onNext(FluxOnAssembly.java:345)
	at reactor.core.publisher.FluxSubscribeOnValue$ScheduledScalar.run(FluxSubscribeOnValue.java:178)
	at reactor.core.scheduler.SchedulerTask.call(SchedulerTask.java:50)
	at reactor.core.scheduler.SchedulerTask.call(SchedulerTask.java:27)
	at java.util.concurrent.FutureTask.run(FutureTask.java:266)
	at org.mule.service.scheduler.internal.AbstractRunnableFutureDecorator.doRun(AbstractRunnableFutureDecorator.java:113)
	at org.mule.service.scheduler.internal.RunnableFutureDecorator.run(RunnableFutureDecorator.java:54)
	at java.util.concurrent.ThreadPoolExecutor.runWorker(ThreadPoolExecutor.java:1149)
	at java.util.concurrent.ThreadPoolExecutor$Worker.run(ThreadPoolExecutor.java:624)
	at java.lang.Thread.run(Thread.java:748)
</error>
  </testcase>
  <testcase time="51.919" name="valid-paginated-json-response2" classname="MULE.4.4.0.validateConnection"/>
  <testcase time="2.984" name="validateConnection" classname="MULE.4.4.0.validateConnection"/>
</testsuite>