<?xml version="1.0" encoding="UTF-8"?>
<testsuite xmlns:xsi="http://www.w3.org/2001/XMLSchema-instance" xsi:schemaLocation="https://maven.apache.org/surefire/maven-surefire-plugin/xsd/surefire-test-report.xsd" name="MULE.4.4.0.validateConnection" time="47.208" failures="0" errors="0" skipped="0" tests="2">
  <properties>
[...]
</properties>
  <testcase time="40.926" name="valid-paginated-json-response" classname="MULE.4.4.0.validateConnection"/>
  <testcase time="6.249" name="validateConnection" classname="MULE.4.4.0.validateConnection"/>
</testsuite>